memory[0]=8c010018
memory[1]=12020
memory[2]=2022000a
memory[3]=220020
memory[4]=41820
memory[5]=fc000000
memory[6]=a
7 memory words
	instruction memory:
		instrMem[ 0 ] = lw 1 0 24
		instrMem[ 1 ] = add 4 0 1
		instrMem[ 2 ] = addi 2 1 10
		instrMem[ 3 ] = add 0 1 2
		instrMem[ 4 ] = add 3 0 4
		instrMem[ 5 ] = halt
		instrMem[ 6 ] = data: 10
@@@
state before cycle 0 starts
	pc 0
	data memory:
		dataMem[ 0 ] -1946091496
		dataMem[ 1 ] 73760
		dataMem[ 2 ] 539099146
		dataMem[ 3 ] 2228256
		dataMem[ 4 ] 268320
		dataMem[ 5 ] -67108864
		dataMem[ 6 ] 10
	registers:
		reg[ 0 ] 0
		reg[ 1 ] 0
		reg[ 2 ] 0
		reg[ 3 ] 0
		reg[ 4 ] 0
		reg[ 5 ] 0
		reg[ 6 ] 0
		reg[ 7 ] 0
		reg[ 8 ] 0
		reg[ 9 ] 0
		reg[ 10 ] 0
		reg[ 11 ] 0
		reg[ 12 ] 0
		reg[ 13 ] 0
		reg[ 14 ] 0
		reg[ 15 ] 0
		reg[ 16 ] 0
		reg[ 17 ] 0
		reg[ 18 ] 0
		reg[ 19 ] 0
		reg[ 20 ] 0
		reg[ 21 ] 0
		reg[ 22 ] 0
		reg[ 23 ] 0
		reg[ 24 ] 0
		reg[ 25 ] 0
		reg[ 26 ] 0
		reg[ 27 ] 0
		reg[ 28 ] 0
		reg[ 29 ] 0
		reg[ 30 ] 0
		reg[ 31 ] 0
	IFID:
		instruction add 0 0 0
		pcPlus1 0
	IDEX:
		instruction add 0 0 0
		pcPlus1 0
		readRegA 0
		readRegB 0
		offset 0
	EXMEM:
		instruction add 0 0 0
		aluResult 0
		readRegB 0
	MEMWB:
		instruction add 0 0 0
		writeData 0
	WBEND:
		instruction add 0 0 0
		writeData 0
@@@
state before cycle 1 starts
	pc 4
	data memory:
		dataMem[ 0 ] -1946091496
		dataMem[ 1 ] 73760
		dataMem[ 2 ] 539099146
		dataMem[ 3 ] 2228256
		dataMem[ 4 ] 268320
		dataMem[ 5 ] -67108864
		dataMem[ 6 ] 10
	registers:
		reg[ 0 ] 0
		reg[ 1 ] 0
		reg[ 2 ] 0
		reg[ 3 ] 0
		reg[ 4 ] 0
		reg[ 5 ] 0
		reg[ 6 ] 0
		reg[ 7 ] 0
		reg[ 8 ] 0
		reg[ 9 ] 0
		reg[ 10 ] 0
		reg[ 11 ] 0
		reg[ 12 ] 0
		reg[ 13 ] 0
		reg[ 14 ] 0
		reg[ 15 ] 0
		reg[ 16 ] 0
		reg[ 17 ] 0
		reg[ 18 ] 0
		reg[ 19 ] 0
		reg[ 20 ] 0
		reg[ 21 ] 0
		reg[ 22 ] 0
		reg[ 23 ] 0
		reg[ 24 ] 0
		reg[ 25 ] 0
		reg[ 26 ] 0
		reg[ 27 ] 0
		reg[ 28 ] 0
		reg[ 29 ] 0
		reg[ 30 ] 0
		reg[ 31 ] 0
	IFID:
		instruction lw 1 0 24
		pcPlus1 4
	IDEX:
		instruction add 0 0 0
		pcPlus1 0
		readRegA 0
		readRegB 0
		offset 32
	EXMEM:
		instruction add 0 0 0
		aluResult 0
		readRegB 0
	MEMWB:
		instruction add 0 0 0
		writeData 0
	WBEND:
		instruction add 0 0 0
		writeData 0
@@@
state before cycle 2 starts
	pc 8
	data memory:
		dataMem[ 0 ] -1946091496
		dataMem[ 1 ] 73760
		dataMem[ 2 ] 539099146
		dataMem[ 3 ] 2228256
		dataMem[ 4 ] 268320
		dataMem[ 5 ] -67108864
		dataMem[ 6 ] 10
	registers:
		reg[ 0 ] 0
		reg[ 1 ] 0
		reg[ 2 ] 0
		reg[ 3 ] 0
		reg[ 4 ] 0
		reg[ 5 ] 0
		reg[ 6 ] 0
		reg[ 7 ] 0
		reg[ 8 ] 0
		reg[ 9 ] 0
		reg[ 10 ] 0
		reg[ 11 ] 0
		reg[ 12 ] 0
		reg[ 13 ] 0
		reg[ 14 ] 0
		reg[ 15 ] 0
		reg[ 16 ] 0
		reg[ 17 ] 0
		reg[ 18 ] 0
		reg[ 19 ] 0
		reg[ 20 ] 0
		reg[ 21 ] 0
		reg[ 22 ] 0
		reg[ 23 ] 0
		reg[ 24 ] 0
		reg[ 25 ] 0
		reg[ 26 ] 0
		reg[ 27 ] 0
		reg[ 28 ] 0
		reg[ 29 ] 0
		reg[ 30 ] 0
		reg[ 31 ] 0
	IFID:
		instruction add 4 0 1
		pcPlus1 8
	IDEX:
		instruction lw 1 0 24
		pcPlus1 4
		readRegA 0
		readRegB 0
		offset 24
	EXMEM:
		instruction add 0 0 0
		aluResult 0
		readRegB 0
	MEMWB:
		instruction add 0 0 0
		writeData 0
	WBEND:
		instruction add 0 0 0
		writeData 0
@@@
state before cycle 3 starts
	pc 8
	data memory:
		dataMem[ 0 ] -1946091496
		dataMem[ 1 ] 73760
		dataMem[ 2 ] 539099146
		dataMem[ 3 ] 2228256
		dataMem[ 4 ] 268320
		dataMem[ 5 ] -67108864
		dataMem[ 6 ] 10
	registers:
		reg[ 0 ] 0
		reg[ 1 ] 0
		reg[ 2 ] 0
		reg[ 3 ] 0
		reg[ 4 ] 0
		reg[ 5 ] 0
		reg[ 6 ] 0
		reg[ 7 ] 0
		reg[ 8 ] 0
		reg[ 9 ] 0
		reg[ 10 ] 0
		reg[ 11 ] 0
		reg[ 12 ] 0
		reg[ 13 ] 0
		reg[ 14 ] 0
		reg[ 15 ] 0
		reg[ 16 ] 0
		reg[ 17 ] 0
		reg[ 18 ] 0
		reg[ 19 ] 0
		reg[ 20 ] 0
		reg[ 21 ] 0
		reg[ 22 ] 0
		reg[ 23 ] 0
		reg[ 24 ] 0
		reg[ 25 ] 0
		reg[ 26 ] 0
		reg[ 27 ] 0
		reg[ 28 ] 0
		reg[ 29 ] 0
		reg[ 30 ] 0
		reg[ 31 ] 0
	IFID:
		instruction add 4 0 1
		pcPlus1 8
	IDEX:
		instruction add 0 0 0
		pcPlus1 0
		readRegA 0
		readRegB 0
		offset 32
	EXMEM:
		instruction lw 1 0 24
		aluResult 24
		readRegB 0
	MEMWB:
		instruction add 0 0 0
		writeData 0
	WBEND:
		instruction add 0 0 0
		writeData 0
@@@
state before cycle 4 starts
	pc 12
	data memory:
		dataMem[ 0 ] -1946091496
		dataMem[ 1 ] 73760
		dataMem[ 2 ] 539099146
		dataMem[ 3 ] 2228256
		dataMem[ 4 ] 268320
		dataMem[ 5 ] -67108864
		dataMem[ 6 ] 10
	registers:
		reg[ 0 ] 0
		reg[ 1 ] 0
		reg[ 2 ] 0
		reg[ 3 ] 0
		reg[ 4 ] 0
		reg[ 5 ] 0
		reg[ 6 ] 0
		reg[ 7 ] 0
		reg[ 8 ] 0
		reg[ 9 ] 0
		reg[ 10 ] 0
		reg[ 11 ] 0
		reg[ 12 ] 0
		reg[ 13 ] 0
		reg[ 14 ] 0
		reg[ 15 ] 0
		reg[ 16 ] 0
		reg[ 17 ] 0
		reg[ 18 ] 0
		reg[ 19 ] 0
		reg[ 20 ] 0
		reg[ 21 ] 0
		reg[ 22 ] 0
		reg[ 23 ] 0
		reg[ 24 ] 0
		reg[ 25 ] 0
		reg[ 26 ] 0
		reg[ 27 ] 0
		reg[ 28 ] 0
		reg[ 29 ] 0
		reg[ 30 ] 0
		reg[ 31 ] 0
	IFID:
		instruction addi 2 1 10
		pcPlus1 12
	IDEX:
		instruction add 4 0 1
		pcPlus1 8
		readRegA 0
		readRegB 0
		offset 8224
	EXMEM:
		instruction add 0 0 0
		aluResult 0
		readRegB 0
	MEMWB:
		instruction lw 1 0 24
		writeData 10
	WBEND:
		instruction add 0 0 0
		writeData 0
@@@
state before cycle 5 starts
	pc 16
	data memory:
		dataMem[ 0 ] -1946091496
		dataMem[ 1 ] 73760
		dataMem[ 2 ] 539099146
		dataMem[ 3 ] 2228256
		dataMem[ 4 ] 268320
		dataMem[ 5 ] -67108864
		dataMem[ 6 ] 10
	registers:
		reg[ 0 ] 0
		reg[ 1 ] 10
		reg[ 2 ] 0
		reg[ 3 ] 0
		reg[ 4 ] 0
		reg[ 5 ] 0
		reg[ 6 ] 0
		reg[ 7 ] 0
		reg[ 8 ] 0
		reg[ 9 ] 0
		reg[ 10 ] 0
		reg[ 11 ] 0
		reg[ 12 ] 0
		reg[ 13 ] 0
		reg[ 14 ] 0
		reg[ 15 ] 0
		reg[ 16 ] 0
		reg[ 17 ] 0
		reg[ 18 ] 0
		reg[ 19 ] 0
		reg[ 20 ] 0
		reg[ 21 ] 0
		reg[ 22 ] 0
		reg[ 23 ] 0
		reg[ 24 ] 0
		reg[ 25 ] 0
		reg[ 26 ] 0
		reg[ 27 ] 0
		reg[ 28 ] 0
		reg[ 29 ] 0
		reg[ 30 ] 0
		reg[ 31 ] 0
	IFID:
		instruction add 0 1 2
		pcPlus1 16
	IDEX:
		instruction addi 2 1 10
		pcPlus1 12
		readRegA 0
		readRegB 0
		offset 10
	EXMEM:
		instruction add 4 0 1
		aluResult 10
		readRegB 10
	MEMWB:
		instruction add 0 0 0
		writeData 0
	WBEND:
		instruction lw 1 0 24
		writeData 10
@@@
state before cycle 6 starts
	pc 20
	data memory:
		dataMem[ 0 ] -1946091496
		dataMem[ 1 ] 73760
		dataMem[ 2 ] 539099146
		dataMem[ 3 ] 2228256
		dataMem[ 4 ] 268320
		dataMem[ 5 ] -67108864
		dataMem[ 6 ] 10
	registers:
		reg[ 0 ] 0
		reg[ 1 ] 10
		reg[ 2 ] 0
		reg[ 3 ] 0
		reg[ 4 ] 0
		reg[ 5 ] 0
		reg[ 6 ] 0
		reg[ 7 ] 0
		reg[ 8 ] 0
		reg[ 9 ] 0
		reg[ 10 ] 0
		reg[ 11 ] 0
		reg[ 12 ] 0
		reg[ 13 ] 0
		reg[ 14 ] 0
		reg[ 15 ] 0
		reg[ 16 ] 0
		reg[ 17 ] 0
		reg[ 18 ] 0
		reg[ 19 ] 0
		reg[ 20 ] 0
		reg[ 21 ] 0
		reg[ 22 ] 0
		reg[ 23 ] 0
		reg[ 24 ] 0
		reg[ 25 ] 0
		reg[ 26 ] 0
		reg[ 27 ] 0
		reg[ 28 ] 0
		reg[ 29 ] 0
		reg[ 30 ] 0
		reg[ 31 ] 0
	IFID:
		instruction add 3 0 4
		pcPlus1 20
	IDEX:
		instruction add 0 1 2
		pcPlus1 16
		readRegA 10
		readRegB 0
		offset 32
	EXMEM:
		instruction addi 2 1 10
		aluResult 20
		readRegB 0
	MEMWB:
		instruction add 4 0 1
		writeData 10
	WBEND:
		instruction add 0 0 0
		writeData 0
@@@
state before cycle 7 starts
	pc 24
	data memory:
		dataMem[ 0 ] -1946091496
		dataMem[ 1 ] 73760
		dataMem[ 2 ] 539099146
		dataMem[ 3 ] 2228256
		dataMem[ 4 ] 268320
		dataMem[ 5 ] -67108864
		dataMem[ 6 ] 10
	registers:
		reg[ 0 ] 0
		reg[ 1 ] 10
		reg[ 2 ] 0
		reg[ 3 ] 0
		reg[ 4 ] 10
		reg[ 5 ] 0
		reg[ 6 ] 0
		reg[ 7 ] 0
		reg[ 8 ] 0
		reg[ 9 ] 0
		reg[ 10 ] 0
		reg[ 11 ] 0
		reg[ 12 ] 0
		reg[ 13 ] 0
		reg[ 14 ] 0
		reg[ 15 ] 0
		reg[ 16 ] 0
		reg[ 17 ] 0
		reg[ 18 ] 0
		reg[ 19 ] 0
		reg[ 20 ] 0
		reg[ 21 ] 0
		reg[ 22 ] 0
		reg[ 23 ] 0
		reg[ 24 ] 0
		reg[ 25 ] 0
		reg[ 26 ] 0
		reg[ 27 ] 0
		reg[ 28 ] 0
		reg[ 29 ] 0
		reg[ 30 ] 0
		reg[ 31 ] 0
	IFID:
		instruction halt
		pcPlus1 24
	IDEX:
		instruction add 3 0 4
		pcPlus1 20
		readRegA 0
		readRegB 0
		offset 6176
	EXMEM:
		instruction add 0 1 2
		aluResult 0
		readRegB 20
	MEMWB:
		instruction addi 2 1 10
		writeData 20
	WBEND:
		instruction add 4 0 1
		writeData 10
@@@
state before cycle 8 starts
	pc 28
	data memory:
		dataMem[ 0 ] -1946091496
		dataMem[ 1 ] 73760
		dataMem[ 2 ] 539099146
		dataMem[ 3 ] 2228256
		dataMem[ 4 ] 268320
		dataMem[ 5 ] -67108864
		dataMem[ 6 ] 10
	registers:
		reg[ 0 ] 0
		reg[ 1 ] 10
		reg[ 2 ] 20
		reg[ 3 ] 0
		reg[ 4 ] 10
		reg[ 5 ] 0
		reg[ 6 ] 0
		reg[ 7 ] 0
		reg[ 8 ] 0
		reg[ 9 ] 0
		reg[ 10 ] 0
		reg[ 11 ] 0
		reg[ 12 ] 0
		reg[ 13 ] 0
		reg[ 14 ] 0
		reg[ 15 ] 0
		reg[ 16 ] 0
		reg[ 17 ] 0
		reg[ 18 ] 0
		reg[ 19 ] 0
		reg[ 20 ] 0
		reg[ 21 ] 0
		reg[ 22 ] 0
		reg[ 23 ] 0
		reg[ 24 ] 0
		reg[ 25 ] 0
		reg[ 26 ] 0
		reg[ 27 ] 0
		reg[ 28 ] 0
		reg[ 29 ] 0
		reg[ 30 ] 0
		reg[ 31 ] 0
	IFID:
		instruction data: 10
		pcPlus1 28
	IDEX:
		instruction halt
		pcPlus1 24
		readRegA 0
		readRegB 0
		offset 0
	EXMEM:
		instruction add 3 0 4
		aluResult 10
		readRegB 10
	MEMWB:
		instruction add 0 1 2
		writeData 0
	WBEND:
		instruction addi 2 1 10
		writeData 20
@@@
state before cycle 9 starts
	pc 32
	data memory:
		dataMem[ 0 ] -1946091496
		dataMem[ 1 ] 73760
		dataMem[ 2 ] 539099146
		dataMem[ 3 ] 2228256
		dataMem[ 4 ] 268320
		dataMem[ 5 ] -67108864
		dataMem[ 6 ] 10
	registers:
		reg[ 0 ] 0
		reg[ 1 ] 10
		reg[ 2 ] 20
		reg[ 3 ] 0
		reg[ 4 ] 10
		reg[ 5 ] 0
		reg[ 6 ] 0
		reg[ 7 ] 0
		reg[ 8 ] 0
		reg[ 9 ] 0
		reg[ 10 ] 0
		reg[ 11 ] 0
		reg[ 12 ] 0
		reg[ 13 ] 0
		reg[ 14 ] 0
		reg[ 15 ] 0
		reg[ 16 ] 0
		reg[ 17 ] 0
		reg[ 18 ] 0
		reg[ 19 ] 0
		reg[ 20 ] 0
		reg[ 21 ] 0
		reg[ 22 ] 0
		reg[ 23 ] 0
		reg[ 24 ] 0
		reg[ 25 ] 0
		reg[ 26 ] 0
		reg[ 27 ] 0
		reg[ 28 ] 0
		reg[ 29 ] 0
		reg[ 30 ] 0
		reg[ 31 ] 0
	IFID:
		instruction data: 0
		pcPlus1 32
	IDEX:
		instruction data: 10
		pcPlus1 28
		readRegA 0
		readRegB 0
		offset 10
	EXMEM:
		instruction halt
		aluResult 0
		readRegB 0
	MEMWB:
		instruction add 3 0 4
		writeData 10
	WBEND:
		instruction add 0 1 2
		writeData 0
@@@
state before cycle 10 starts
	pc 36
	data memory:
		dataMem[ 0 ] -1946091496
		dataMem[ 1 ] 73760
		dataMem[ 2 ] 539099146
		dataMem[ 3 ] 2228256
		dataMem[ 4 ] 268320
		dataMem[ 5 ] -67108864
		dataMem[ 6 ] 10
	registers:
		reg[ 0 ] 0
		reg[ 1 ] 10
		reg[ 2 ] 20
		reg[ 3 ] 10
		reg[ 4 ] 10
		reg[ 5 ] 0
		reg[ 6 ] 0
		reg[ 7 ] 0
		reg[ 8 ] 0
		reg[ 9 ] 0
		reg[ 10 ] 0
		reg[ 11 ] 0
		reg[ 12 ] 0
		reg[ 13 ] 0
		reg[ 14 ] 0
		reg[ 15 ] 0
		reg[ 16 ] 0
		reg[ 17 ] 0
		reg[ 18 ] 0
		reg[ 19 ] 0
		reg[ 20 ] 0
		reg[ 21 ] 0
		reg[ 22 ] 0
		reg[ 23 ] 0
		reg[ 24 ] 0
		reg[ 25 ] 0
		reg[ 26 ] 0
		reg[ 27 ] 0
		reg[ 28 ] 0
		reg[ 29 ] 0
		reg[ 30 ] 0
		reg[ 31 ] 0
	IFID:
		instruction data: 0
		pcPlus1 36
	IDEX:
		instruction data: 0
		pcPlus1 32
		readRegA 0
		readRegB 0
		offset 0
	EXMEM:
		instruction data: 10
		aluResult 0
		readRegB 0
	MEMWB:
		instruction halt
		writeData 0
	WBEND:
		instruction add 3 0 4
		writeData 10
machine halted
total of 10 cycles executed
